#
# There is insufficient memory for the Java Runtime Environment to continue.
# Native memory allocation (malloc) failed to allocate 1114496 bytes for Chunk::new
# Possible reasons:
#   The system is out of physical RAM or swap space
#   In 32 bit mode, the process size limit was hit
# Possible solutions:
#   Reduce memory load on the system
#   Increase physical memory or swap space
#   Check if swap backing store is full
#   Use 64 bit Java on a 64 bit OS
#   Decrease Java heap size (-Xmx/-Xms)
#   Decrease number of Java threads
#   Decrease Java thread stack sizes (-Xss)
#   Set larger code cache with -XX:ReservedCodeCacheSize=
# This output file may be truncated or incomplete.
#
#  Out of Memory Error (allocation.cpp:390), pid=13448, tid=0x0000000000003460
#
# JRE version: Java(TM) SE Runtime Environment (8.0_191-b12) (build 1.8.0_191-b12)
# Java VM: Java HotSpot(TM) 64-Bit Server VM (25.191-b12 mixed mode windows-amd64 compressed oops)
# Failed to write core dump. Minidumps are not enabled by default on client versions of Windows
#

---------------  T H R E A D  ---------------

Current thread (0x0000000019b9f800):  JavaThread "C2 CompilerThread0" daemon [_thread_in_native, id=13408, stack(0x0000000019f10000,0x000000001a010000)]

Stack: [0x0000000019f10000,0x000000001a010000]
[error occurred during error reporting (printing stack bounds), id 0xc0000005]

Native frames: (J=compiled Java code, j=interpreted, Vv=VM code, C=native code)


Current CompileTask:
C2:  70187 8096   !   4       org.apache.catalina.startup.ContextConfig::populateJavaClassCache (159 bytes)


---------------  P R O C E S S  ---------------

Java Threads: ( => current thread )
  0x000000001cc20000 JavaThread "localhost-startStop-1" daemon [_thread_in_vm, id=4240, stack(0x0000000022b20000,0x0000000022c20000)]
  0x0000000022599800 JavaThread "Tomcat-startStop-1" daemon [_thread_blocked, id=9544, stack(0x0000000022a20000,0x0000000022b20000)]
  0x0000000019c3c000 JavaThread "Service Thread" daemon [_thread_blocked, id=7324, stack(0x000000001a210000,0x000000001a310000)]
  0x0000000019ba8000 JavaThread "C1 CompilerThread2" daemon [_thread_blocked, id=12868, stack(0x000000001a110000,0x000000001a210000)]
  0x0000000019ba1000 JavaThread "C2 CompilerThread1" daemon [_thread_in_native, id=12232, stack(0x000000001a010000,0x000000001a110000)]
=>0x0000000019b9f800 JavaThread "C2 CompilerThread0" daemon [_thread_in_native, id=13408, stack(0x0000000019f10000,0x000000001a010000)]
  0x0000000017e72000 JavaThread "JDWP Command Reader" daemon [_thread_in_native, id=5260, stack(0x0000000019a10000,0x0000000019b10000)]
  0x0000000017e6e800 JavaThread "JDWP Event Helper Thread" daemon [_thread_blocked, id=13268, stack(0x0000000019910000,0x0000000019a10000)]
  0x0000000017e6b000 JavaThread "JDWP Transport Listener: dt_socket" daemon [_thread_in_native, id=11452, stack(0x0000000019810000,0x0000000019910000)]
  0x0000000017e58800 JavaThread "Attach Listener" daemon [_thread_blocked, id=4412, stack(0x00000000193d0000,0x00000000194d0000)]
  0x0000000017e57000 JavaThread "Signal Dispatcher" daemon [_thread_blocked, id=1048, stack(0x00000000192d0000,0x00000000193d0000)]
  0x000000000331b000 JavaThread "Finalizer" daemon [_thread_blocked, id=11004, stack(0x00000000190e0000,0x00000000191e0000)]
  0x0000000017e3a800 JavaThread "Reference Handler" daemon [_thread_blocked, id=228, stack(0x0000000018fe0000,0x00000000190e0000)]
  0x000000000321e800 JavaThread "main" [_thread_blocked, id=3824, stack(0x0000000002f50000,0x0000000003050000)]

Other Threads:
  0x0000000017e17000 VMThread [stack: 0x0000000018ee0000,0x0000000018fe0000] [id=11976]
  0x0000000019c7a800 WatcherThread [stack: 0x000000001a310000,0x000000001a410000] [id=11724]

VM state:not at safepoint (normal execution)

VM Mutex/Monitor currently owned by a thread: None

Heap:
 PSYoungGen      total 393728K, used 209563K [0x00000000d5f00000, 0x00000000fac00000, 0x0000000100000000)
  eden space 360960K, 58% used [0x00000000d5f00000,0x00000000e2ba6c20,0x00000000ebf80000)
  from space 32768K, 0% used [0x00000000ebf80000,0x00000000ebf80000,0x00000000edf80000)
  to   space 31232K, 0% used [0x00000000f8d80000,0x00000000f8d80000,0x00000000fac00000)
 ParOldGen       total 62976K, used 29893K [0x0000000081c00000, 0x0000000085980000, 0x00000000d5f00000)
  object space 62976K, 47% used [0x0000000081c00000,0x0000000083931670,0x0000000085980000)
 Metaspace       used 34833K, capacity 35666K, committed 35800K, reserved 1081344K
  class space    used 3883K, capacity 4130K, committed 4224K, reserved 1048576K

Card table byte_map: [0x00000000126e0000,0x0000000012ae0000] byte_map_base: 0x00000000122d2000

Marking Bits: (ParMarkBitMap*) 0x0000000064533e30
 Begin Bits: [0x0000000013190000, 0x0000000015120000)
 End Bits:   [0x0000000015120000, 0x00000000170b0000)

Polling page: 0x0000000001440000

CodeCache: size=245760Kb used=27219Kb max_used=28256Kb free=218540Kb
 bounds [0x0000000003320000, 0x0000000004f40000, 0x0000000012320000]
 total_blobs=6659 nmethods=6196 adapters=381
 compilation: enabled

Compilation events (10 events):
Event: 69.891 Thread 0x0000000019ba8000 nmethod 8093 0x00000000037a6e90 code [0x00000000037a7080, 0x00000000037a79b8]
Event: 69.915 Thread 0x0000000019ba8000 8094       3       java.io.WinNTFileSystem::parentOrNull (171 bytes)
Event: 69.916 Thread 0x0000000019ba8000 nmethod 8094 0x0000000003bbd150 code [0x0000000003bbd3a0, 0x0000000003bbe258]
Event: 69.952 Thread 0x0000000019b9f800 8095       4       java.io.BufferedInputStream::fill (233 bytes)
Event: 69.954 Thread 0x0000000019b9f800 nmethod 8095 0x00000000045d6110 code [0x00000000045d6260, 0x00000000045d6398]
Event: 69.962 Thread 0x0000000019b9f800 8096   !   4       org.apache.catalina.startup.ContextConfig::populateJavaClassCache (159 bytes)
Event: 70.143 Thread 0x0000000019ba8000 8098       3       org.codehaus.plexus.classworlds.strategy.SelfFirstStrategy::getResource (37 bytes)
Event: 70.144 Thread 0x0000000019ba8000 nmethod 8098 0x0000000003e8d050 code [0x0000000003e8d220, 0x0000000003e8db68]
Event: 70.144 Thread 0x0000000019ba8000 8099       3       org.codehaus.plexus.classworlds.realm.ClassRealm::loadResourceFromImport (18 bytes)
Event: 70.144 Thread 0x0000000019ba8000 nmethod 8099 0x0000000003b37610 code [0x0000000003b37780, 0x0000000003b37ab8]

GC Heap History (10 events):
Event: 35.206 GC heap before
{Heap before GC invocations=7 (full 1):
 PSYoungGen      total 138240K, used 133120K [0x00000000d5f00000, 0x00000000e7c00000, 0x0000000100000000)
  eden space 133120K, 100% used [0x00000000d5f00000,0x00000000de100000,0x00000000de100000)
  from space 5120K, 0% used [0x00000000de100000,0x00000000de100000,0x00000000de600000)
  to   space 12800K, 0% used [0x00000000e6f80000,0x00000000e6f80000,0x00000000e7c00000)
 ParOldGen       total 62976K, used 12562K [0x0000000081c00000, 0x0000000085980000, 0x00000000d5f00000)
  object space 62976K, 19% used [0x0000000081c00000,0x0000000082844810,0x0000000085980000)
 Metaspace       used 25056K, capacity 25580K, committed 25856K, reserved 1073152K
  class space    used 2874K, capacity 3048K, committed 3072K, reserved 1048576K
Event: 35.234 GC heap after
Heap after GC invocations=7 (full 1):
 PSYoungGen      total 233984K, used 12771K [0x00000000d5f00000, 0x00000000e7c00000, 0x0000000100000000)
  eden space 221184K, 0% used [0x00000000d5f00000,0x00000000d5f00000,0x00000000e3700000)
  from space 12800K, 99% used [0x00000000e6f80000,0x00000000e7bf8e68,0x00000000e7c00000)
  to   space 17920K, 0% used [0x00000000e5900000,0x00000000e5900000,0x00000000e6a80000)
 ParOldGen       total 62976K, used 17284K [0x0000000081c00000, 0x0000000085980000, 0x00000000d5f00000)
  object space 62976K, 27% used [0x0000000081c00000,0x0000000082ce11c0,0x0000000085980000)
 Metaspace       used 25056K, capacity 25580K, committed 25856K, reserved 1073152K
  class space    used 2874K, capacity 3048K, committed 3072K, reserved 1048576K
}
Event: 42.653 GC heap before
{Heap before GC invocations=8 (full 1):
 PSYoungGen      total 233984K, used 233955K [0x00000000d5f00000, 0x00000000e7c00000, 0x0000000100000000)
  eden space 221184K, 100% used [0x00000000d5f00000,0x00000000e3700000,0x00000000e3700000)
  from space 12800K, 99% used [0x00000000e6f80000,0x00000000e7bf8e68,0x00000000e7c00000)
  to   space 17920K, 0% used [0x00000000e5900000,0x00000000e5900000,0x00000000e6a80000)
 ParOldGen       total 62976K, used 17284K [0x0000000081c00000, 0x0000000085980000, 0x00000000d5f00000)
  object space 62976K, 27% used [0x0000000081c00000,0x0000000082ce11c0,0x0000000085980000)
 Metaspace       used 25882K, capacity 26436K, committed 26752K, reserved 1073152K
  class space    used 2920K, capacity 3100K, committed 3200K, reserved 1048576K
Event: 42.724 GC heap after
Heap after GC invocations=8 (full 1):
 PSYoungGen      total 273920K, used 17911K [0x00000000d5f00000, 0x00000000ef980000, 0x0000000100000000)
  eden space 256000K, 0% used [0x00000000d5f00000,0x00000000d5f00000,0x00000000e5900000)
  from space 17920K, 99% used [0x00000000e5900000,0x00000000e6a7de28,0x00000000e6a80000)
  to   space 26624K, 0% used [0x00000000edf80000,0x00000000edf80000,0x00000000ef980000)
 ParOldGen       total 62976K, used 28378K [0x0000000081c00000, 0x0000000085980000, 0x00000000d5f00000)
  object space 62976K, 45% used [0x0000000081c00000,0x00000000837b68a0,0x0000000085980000)
 Metaspace       used 25882K, capacity 26436K, committed 26752K, reserved 1073152K
  class space    used 2920K, capacity 3100K, committed 3200K, reserved 1048576K
}
Event: 64.535 GC heap before
{Heap before GC invocations=9 (full 1):
 PSYoungGen      total 273920K, used 273911K [0x00000000d5f00000, 0x00000000ef980000, 0x0000000100000000)
  eden space 256000K, 100% used [0x00000000d5f00000,0x00000000e5900000,0x00000000e5900000)
  from space 17920K, 99% used [0x00000000e5900000,0x00000000e6a7de28,0x00000000e6a80000)
  to   space 26624K, 0% used [0x00000000edf80000,0x00000000edf80000,0x00000000ef980000)
 ParOldGen       total 62976K, used 28378K [0x0000000081c00000, 0x0000000085980000, 0x00000000d5f00000)
  object space 62976K, 45% used [0x0000000081c00000,0x00000000837b68a0,0x0000000085980000)
 Metaspace       used 31560K, capacity 32350K, committed 32512K, reserved 1077248K
  class space    used 3540K, capacity 3770K, committed 3840K, reserved 1048576K
Event: 64.629 GC heap after
Heap after GC invocations=9 (full 1):
 PSYoungGen      total 387584K, used 26607K [0x00000000d5f00000, 0x00000000f3580000, 0x0000000100000000)
  eden space 360960K, 0% used [0x00000000d5f00000,0x00000000d5f00000,0x00000000ebf80000)
  from space 26624K, 99% used [0x00000000edf80000,0x00000000ef97bcb8,0x00000000ef980000)
  to   space 32768K, 0% used [0x00000000ebf80000,0x00000000ebf80000,0x00000000edf80000)
 ParOldGen       total 62976K, used 30986K [0x0000000081c00000, 0x0000000085980000, 0x00000000d5f00000)
  object space 62976K, 49% used [0x0000000081c00000,0x0000000083a42b60,0x0000000085980000)
 Metaspace       used 31560K, capacity 32350K, committed 32512K, reserved 1077248K
  class space    used 3540K, capacity 3770K, committed 3840K, reserved 1048576K
}
Event: 65.565 GC heap before
{Heap before GC invocations=10 (full 1):
 PSYoungGen      total 387584K, used 54943K [0x00000000d5f00000, 0x00000000f3580000, 0x0000000100000000)
  eden space 360960K, 7% used [0x00000000d5f00000,0x00000000d7aabf50,0x00000000ebf80000)
  from space 26624K, 99% used [0x00000000edf80000,0x00000000ef97bcb8,0x00000000ef980000)
  to   space 32768K, 0% used [0x00000000ebf80000,0x00000000ebf80000,0x00000000edf80000)
 ParOldGen       total 62976K, used 30986K [0x0000000081c00000, 0x0000000085980000, 0x00000000d5f00000)
  object space 62976K, 49% used [0x0000000081c00000,0x0000000083a42b60,0x0000000085980000)
 Metaspace       used 34656K, capacity 35388K, committed 35416K, reserved 1081344K
  class space    used 3895K, capacity 4095K, committed 4096K, reserved 1048576K
Event: 65.635 GC heap after
Heap after GC invocations=10 (full 1):
 PSYoungGen      total 393728K, used 15178K [0x00000000d5f00000, 0x00000000fac00000, 0x0000000100000000)
  eden space 360960K, 0% used [0x00000000d5f00000,0x00000000d5f00000,0x00000000ebf80000)
  from space 32768K, 46% used [0x00000000ebf80000,0x00000000ece529d0,0x00000000edf80000)
  to   space 31232K, 0% used [0x00000000f8d80000,0x00000000f8d80000,0x00000000fac00000)
 ParOldGen       total 62976K, used 42743K [0x0000000081c00000, 0x0000000085980000, 0x00000000d5f00000)
  object space 62976K, 67% used [0x0000000081c00000,0x00000000845bde58,0x0000000085980000)
 Metaspace       used 34656K, capacity 35388K, committed 35416K, reserved 1081344K
  class space    used 3895K, capacity 4095K, committed 4096K, reserved 1048576K
}
Event: 65.635 GC heap before
{Heap before GC invocations=11 (full 2):
 PSYoungGen      total 393728K, used 15178K [0x00000000d5f00000, 0x00000000fac00000, 0x0000000100000000)
  eden space 360960K, 0% used [0x00000000d5f00000,0x00000000d5f00000,0x00000000ebf80000)
  from space 32768K, 46% used [0x00000000ebf80000,0x00000000ece529d0,0x00000000edf80000)
  to   space 31232K, 0% used [0x00000000f8d80000,0x00000000f8d80000,0x00000000fac00000)
 ParOldGen       total 62976K, used 42743K [0x0000000081c00000, 0x0000000085980000, 0x00000000d5f00000)
  object space 62976K, 67% used [0x0000000081c00000,0x00000000845bde58,0x0000000085980000)
 Metaspace       used 34656K, capacity 35388K, committed 35416K, reserved 1081344K
  class space    used 3895K, capacity 4095K, committed 4096K, reserved 1048576K
Event: 65.808 GC heap after
Heap after GC invocations=11 (full 2):
 PSYoungGen      total 393728K, used 0K [0x00000000d5f00000, 0x00000000fac00000, 0x0000000100000000)
  eden space 360960K, 0% used [0x00000000d5f00000,0x00000000d5f00000,0x00000000ebf80000)
  from space 32768K, 0% used [0x00000000ebf80000,0x00000000ebf80000,0x00000000edf80000)
  to   space 31232K, 0% used [0x00000000f8d80000,0x00000000f8d80000,0x00000000fac00000)
 ParOldGen       total 62976K, used 29893K [0x0000000081c00000, 0x0000000085980000, 0x00000000d5f00000)
  object space 62976K, 47% used [0x0000000081c00000,0x0000000083931670,0x0000000085980000)
 Metaspace       used 32881K, capacity 33498K, committed 35416K, reserved 1081344K
  class space    used 3677K, capacity 3850K, committed 4096K, reserved 1048576K
}

Deoptimization events (10 events):
Event: 68.474 Thread 0x000000001cc20000 Uncommon trap: reason=unstable_if action=reinterpret pc=0x0000000003ea1584 method=org.apache.tomcat.util.bcel.classfile.ConstantUtf8$1.removeEldestEntry(Ljava/util/Map$Entry;)Z @ 7
Event: 68.474 Thread 0x000000001cc20000 Uncommon trap: reason=unstable_if action=reinterpret pc=0x0000000003f3800c method=org.apache.tomcat.util.bcel.classfile.ConstantUtf8$1.removeEldestEntry(Ljava/util/Map$Entry;)Z @ 7
Event: 68.712 Thread 0x000000001cc20000 Uncommon trap: reason=unstable_if action=reinterpret pc=0x00000000047de718 method=java.util.HashMap.removeNode(ILjava/lang/Object;Ljava/lang/Object;ZZ)Ljava/util/HashMap$Node; @ 71
Event: 68.822 Thread 0x000000001cc20000 Uncommon trap: reason=unloaded action=reinterpret pc=0x00000000042f06a4 method=org.apache.tomcat.util.bcel.classfile.Attribute.readAttribute(Ljava/io/DataInputStream;Lorg/apache/tomcat/util/bcel/classfile/ConstantPool;)Lorg/apache/tomcat/util/bcel/classfi
Event: 69.452 Thread 0x000000001cc20000 Uncommon trap: reason=unhandled action=none pc=0x0000000003b1f854 method=java.net.URLClassLoader.findClass(Ljava/lang/String;)Ljava/lang/Class; @ 44
Event: 69.452 Thread 0x000000001cc20000 Uncommon trap: reason=unhandled action=none pc=0x0000000003b1f854 method=java.net.URLClassLoader.findClass(Ljava/lang/String;)Ljava/lang/Class; @ 44
Event: 69.454 Thread 0x000000001cc20000 Uncommon trap: reason=unhandled action=none pc=0x0000000003b1f854 method=java.net.URLClassLoader.findClass(Ljava/lang/String;)Ljava/lang/Class; @ 44
Event: 69.454 Thread 0x000000001cc20000 Uncommon trap: reason=unhandled action=none pc=0x0000000003b1f854 method=java.net.URLClassLoader.findClass(Ljava/lang/String;)Ljava/lang/Class; @ 44
Event: 69.716 Thread 0x000000001cc20000 Uncommon trap: reason=unhandled action=none pc=0x0000000003b1f854 method=java.net.URLClassLoader.findClass(Ljava/lang/String;)Ljava/lang/Class; @ 44
Event: 69.717 Thread 0x000000001cc20000 Uncommon trap: reason=unhandled action=none pc=0x0000000003b1f854 method=java.net.URLClassLoader.findClass(Ljava/lang/String;)Ljava/lang/Class; @ 44

Classes redefined (0 events):
No events

Internal exceptions (10 events):
Event: 58.852 Thread 0x000000000321e800 Implicit null exception at 0x000000000363f299 to 0x000000000363f781
Event: 59.055 Thread 0x000000000321e800 Implicit null exception at 0x0000000004295097 to 0x0000000004295491
Event: 59.200 Thread 0x000000000321e800 Implicit null exception at 0x00000000035b82d6 to 0x00000000035b877d
Event: 64.403 Thread 0x000000000321e800 Exception <a 'java/io/FileNotFoundException'> (0x00000000e559a480) thrown at [C:\re\workspace\8-2-build-windows-amd64-cygwin\jdk8u191\11896\hotspot\src\share\vm\prims\jni.cpp, line 709]
Event: 65.232 Thread 0x000000000321e800 Exception <a 'java/lang/ArrayIndexOutOfBoundsException': 71> (0x00000000d7490158) thrown at [C:\re\workspace\8-2-build-windows-amd64-cygwin\jdk8u191\11896\hotspot\src\share\vm\interpreter\interpreterRuntime.cpp, line 366]
Event: 65.233 Thread 0x000000000321e800 Exception <a 'java/lang/ArrayIndexOutOfBoundsException': 71> (0x00000000d7493d48) thrown at [C:\re\workspace\8-2-build-windows-amd64-cygwin\jdk8u191\11896\hotspot\src\share\vm\interpreter\interpreterRuntime.cpp, line 366]
Event: 65.258 Thread 0x000000000321e800 Exception <a 'java/lang/ArrayIndexOutOfBoundsException': 55> (0x00000000d74c03a0) thrown at [C:\re\workspace\8-2-build-windows-amd64-cygwin\jdk8u191\11896\hotspot\src\share\vm\interpreter\interpreterRuntime.cpp, line 366]
Event: 65.259 Thread 0x000000000321e800 Exception <a 'java/lang/ArrayIndexOutOfBoundsException': 38> (0x00000000d74c1698) thrown at [C:\re\workspace\8-2-build-windows-amd64-cygwin\jdk8u191\11896\hotspot\src\share\vm\interpreter\interpreterRuntime.cpp, line 366]
Event: 65.304 Thread 0x000000000321e800 Exception <a 'java/lang/ArrayIndexOutOfBoundsException': 38> (0x00000000d74ef608) thrown at [C:\re\workspace\8-2-build-windows-amd64-cygwin\jdk8u191\11896\hotspot\src\share\vm\interpreter\interpreterRuntime.cpp, line 366]
Event: 65.320 Thread 0x000000000321e800 Exception <a 'java/lang/ArrayIndexOutOfBoundsException': 49> (0x00000000d7504238) thrown at [C:\re\workspace\8-2-build-windows-amd64-cygwin\jdk8u191\11896\hotspot\src\share\vm\interpreter\interpreterRuntime.cpp, line 366]

Events (10 events):
Event: 69.717 Thread 0x000000001cc20000 DEOPT UNPACKING pc=0x0000000003367890 sp=0x0000000022c1e260 mode 1
Event: 69.717 Thread 0x000000001cc20000 DEOPT PACKING pc=0x0000000004384f2c sp=0x0000000022c1e5d0
Event: 69.717 Thread 0x000000001cc20000 DEOPT UNPACKING pc=0x0000000003367890 sp=0x0000000022c1e310 mode 1
Event: 69.717 Thread 0x000000001cc20000 Uncommon trap: trap_request=0xffffffa7 fr.pc=0x0000000003b1f854
Event: 69.717 Thread 0x000000001cc20000 DEOPT PACKING pc=0x0000000003b1f854 sp=0x0000000022c1e570
Event: 69.717 Thread 0x000000001cc20000 DEOPT UNPACKING pc=0x000000000336583b sp=0x0000000022c1e518 mode 2
Event: 69.717 Thread 0x000000001cc20000 DEOPT PACKING pc=0x00000000035ac0b4 sp=0x0000000022c1e680
Event: 69.717 Thread 0x000000001cc20000 DEOPT UNPACKING pc=0x0000000003367890 sp=0x0000000022c1e3f8 mode 1
Event: 69.717 Thread 0x000000001cc20000 DEOPT PACKING pc=0x00000000041275dc sp=0x0000000022c1e730
Event: 69.717 Thread 0x000000001cc20000 DEOPT UNPACKING pc=0x0000000003367890 sp=0x0000000022c1e470 mode 1


Dynamic libraries:
0x00007ff7302d0000 - 0x00007ff730307000 	C:\Program Files\Java\jdk1.8.0_191\bin\javaw.exe
0x00007ffd7f3c0000 - 0x00007ffd7f5a1000 	C:\WINDOWS\SYSTEM32\ntdll.dll
0x00007ffd7e8e0000 - 0x00007ffd7e991000 	C:\WINDOWS\System32\KERNEL32.DLL
0x00007ffd7b9d0000 - 0x00007ffd7bc43000 	C:\WINDOWS\System32\KERNELBASE.dll
0x00007ffd7f0f0000 - 0x00007ffd7f191000 	C:\WINDOWS\System32\ADVAPI32.dll
0x00007ffd7e4d0000 - 0x00007ffd7e56e000 	C:\WINDOWS\System32\msvcrt.dll
0x00007ffd7eb70000 - 0x00007ffd7ebcb000 	C:\WINDOWS\System32\sechost.dll
0x00007ffd7ea40000 - 0x00007ffd7eb64000 	C:\WINDOWS\System32\RPCRT4.dll
0x00007ffd7f200000 - 0x00007ffd7f390000 	C:\WINDOWS\System32\USER32.dll
0x00007ffd7b9b0000 - 0x00007ffd7b9d0000 	C:\WINDOWS\System32\win32u.dll
0x00007ffd7e7b0000 - 0x00007ffd7e7d8000 	C:\WINDOWS\System32\GDI32.dll
0x00007ffd7bc50000 - 0x00007ffd7bde1000 	C:\WINDOWS\System32\gdi32full.dll
0x00007ffd7be50000 - 0x00007ffd7beef000 	C:\WINDOWS\System32\msvcp_win.dll
0x00007ffd7b800000 - 0x00007ffd7b8f8000 	C:\WINDOWS\System32\ucrtbase.dll
0x00007ffd6d130000 - 0x00007ffd6d399000 	C:\WINDOWS\WinSxS\amd64_microsoft.windows.common-controls_6595b64144ccf1df_6.0.17134.1067_none_d401a3eb7c8ebdea\COMCTL32.dll
0x00007ffd7edc0000 - 0x00007ffd7f0e1000 	C:\WINDOWS\System32\combase.dll
0x00007ffd7b780000 - 0x00007ffd7b7f9000 	C:\WINDOWS\System32\bcryptPrimitives.dll
0x00007ffd7e780000 - 0x00007ffd7e7ad000 	C:\WINDOWS\System32\IMM32.DLL
0x00000000645c0000 - 0x0000000064692000 	C:\Program Files\Java\jdk1.8.0_191\jre\bin\msvcr100.dll
0x0000000063d10000 - 0x00000000645b4000 	C:\Program Files\Java\jdk1.8.0_191\jre\bin\server\jvm.dll
0x00007ffd7ebd0000 - 0x00007ffd7ebd8000 	C:\WINDOWS\System32\PSAPI.DLL
0x00007ffd79a00000 - 0x00007ffd79a09000 	C:\WINDOWS\SYSTEM32\WSOCK32.dll
0x00007ffd7e570000 - 0x00007ffd7e5dc000 	C:\WINDOWS\System32\WS2_32.dll
0x00007ffd79810000 - 0x00007ffd79833000 	C:\WINDOWS\SYSTEM32\WINMM.dll
0x00007ffd72990000 - 0x00007ffd7299a000 	C:\WINDOWS\SYSTEM32\VERSION.dll
0x00007ffd79700000 - 0x00007ffd7972a000 	C:\WINDOWS\SYSTEM32\WINMMBASE.dll
0x00007ffd7bef0000 - 0x00007ffd7bf39000 	C:\WINDOWS\System32\cfgmgr32.dll
0x0000000063d00000 - 0x0000000063d0f000 	C:\Program Files\Java\jdk1.8.0_191\jre\bin\verify.dll
0x0000000063cd0000 - 0x0000000063cf9000 	C:\Program Files\Java\jdk1.8.0_191\jre\bin\java.dll
0x0000000063c90000 - 0x0000000063cc5000 	C:\Program Files\Java\jdk1.8.0_191\jre\bin\jdwp.dll
0x0000000063c80000 - 0x0000000063c88000 	C:\Program Files\Java\jdk1.8.0_191\jre\bin\npt.dll
0x0000000063c50000 - 0x0000000063c73000 	C:\Program Files\Java\jdk1.8.0_191\jre\bin\instrument.dll
0x0000000063c30000 - 0x0000000063c46000 	C:\Program Files\Java\jdk1.8.0_191\jre\bin\zip.dll
0x00007ffd7ca80000 - 0x00007ffd7dec4000 	C:\WINDOWS\System32\SHELL32.dll
0x00007ffd7c9b0000 - 0x00007ffd7ca59000 	C:\WINDOWS\System32\shcore.dll
0x00007ffd7c130000 - 0x00007ffd7c840000 	C:\WINDOWS\System32\windows.storage.dll
0x00007ffd7ded0000 - 0x00007ffd7df21000 	C:\WINDOWS\System32\shlwapi.dll
0x00007ffd7b760000 - 0x00007ffd7b771000 	C:\WINDOWS\System32\kernel.appcore.dll
0x00007ffd7b740000 - 0x00007ffd7b75f000 	C:\WINDOWS\System32\profapi.dll
0x00007ffd7b6f0000 - 0x00007ffd7b73c000 	C:\WINDOWS\System32\powrprof.dll
0x00007ffd7b6c0000 - 0x00007ffd7b6ca000 	C:\WINDOWS\System32\FLTLIB.DLL
0x0000000063c20000 - 0x0000000063c29000 	C:\Program Files\Java\jdk1.8.0_191\jre\bin\dt_socket.dll
0x00007ffd69310000 - 0x00007ffd69326000 	C:\WINDOWS\system32\napinsp.dll
0x00007ffd69020000 - 0x00007ffd6903a000 	C:\WINDOWS\system32\pnrpnsp.dll
0x00007ffd77ff0000 - 0x00007ffd78009000 	C:\WINDOWS\system32\NLAapi.dll
0x00007ffd7af40000 - 0x00007ffd7afa6000 	C:\WINDOWS\System32\mswsock.dll
0x00007ffd7acd0000 - 0x00007ffd7ad8e000 	C:\WINDOWS\SYSTEM32\DNSAPI.dll
0x00007ffd7e8d0000 - 0x00007ffd7e8d8000 	C:\WINDOWS\System32\NSI.dll
0x00007ffd7ac90000 - 0x00007ffd7acc8000 	C:\WINDOWS\SYSTEM32\IPHLPAPI.DLL
0x00007ffd693c0000 - 0x00007ffd693ce000 	C:\WINDOWS\System32\winrnr.dll
0x00007ffd69000000 - 0x00007ffd69015000 	C:\WINDOWS\System32\wshbth.dll
0x00007ffd6e3d0000 - 0x00007ffd6e442000 	C:\WINDOWS\System32\fwpuclnt.dll
0x00007ffd7b220000 - 0x00007ffd7b245000 	C:\WINDOWS\SYSTEM32\bcrypt.dll
0x00007ffd6dc80000 - 0x00007ffd6dc8a000 	C:\Windows\System32\rasadhlp.dll
0x00007ffd7b0f0000 - 0x00007ffd7b107000 	C:\WINDOWS\SYSTEM32\CRYPTSP.dll
0x00007ffd7aaf0000 - 0x00007ffd7ab23000 	C:\WINDOWS\system32\rsaenh.dll
0x00007ffd7b5c0000 - 0x00007ffd7b5e8000 	C:\WINDOWS\SYSTEM32\USERENV.dll
0x00007ffd7b110000 - 0x00007ffd7b11b000 	C:\WINDOWS\SYSTEM32\CRYPTBASE.dll
0x0000000063c00000 - 0x0000000063c1a000 	C:\Program Files\Java\jdk1.8.0_191\jre\bin\net.dll
0x00007ffd762a0000 - 0x00007ffd762b6000 	C:\WINDOWS\SYSTEM32\dhcpcsvc6.DLL
0x00007ffd76390000 - 0x00007ffd763aa000 	C:\WINDOWS\SYSTEM32\dhcpcsvc.DLL
0x0000000063be0000 - 0x0000000063bf1000 	C:\Program Files\Java\jdk1.8.0_191\jre\bin\nio.dll
0x00007ffd78160000 - 0x00007ffd7816a000 	C:\Users\ASUS\AppData\Local\Temp\jansi-1.17.1-2281578932838967297.dll
0x00007ffd78150000 - 0x00007ffd7815a000 	C:\Users\ASUS\AppData\Local\Temp\jansi-1.17.1-3787733877552209107.dll
0x0000000063bd0000 - 0x0000000063bdd000 	C:\Program Files\Java\jdk1.8.0_191\jre\bin\management.dll

VM Arguments:
jvm_args: -agentlib:jdwp=transport=dt_socket,suspend=y,address=localhost:63788 -Dmaven.home=EMBEDDED -Dclassworlds.conf=F:\workspace27092019\.metadata\.plugins\org.eclipse.m2e.launching\launches\m2conf1493516408288580696.tmp -Dmaven.multiModuleProjectDirectory=F:\workspace27092019\jerseyguice -javaagent:F:\jee-2019-09\eclipse\configuration\org.eclipse.osgi\412\0\.cp\lib\javaagent-shaded.jar -Dfile.encoding=UTF-8 
java_command: org.codehaus.plexus.classworlds.launcher.Launcher -B tomcat7:run
java_class_path (initial): C:\Users\ASUS\.p2\pool\plugins\org.eclipse.m2e.maven.runtime_1.13.0.20190716-1623\jars\plexus-classworlds-2.6.0.jar;F:\jee-2019-09\eclipse\configuration\org.eclipse.osgi\412\0\.cp\lib\javaagent-shaded.jar
Launcher Type: SUN_STANDARD

Environment Variables:
JAVA_HOME=C:\Program Files\Java\jdk1.8.0_191
PATH=C:\Program Files\Java\jdk1.8.0_191\jre\bin;C:/Program Files/Java/jre1.8.0_221/bin/server;C:/Program Files/Java/jre1.8.0_221/bin;C:/Program Files/Java/jre1.8.0_221/lib/amd64;C:\Program Files (x86)\Common Files\Oracle\Java\javapath;C:\Program Files (x86)\Intel\iCLS Client\;C:\Program Files\Intel\iCLS Client\;C:\Windows\system32;C:\Windows;C:\Windows\System32\Wbem;C:\Windows\System32\WindowsPowerShell\v1.0\;C:\Program Files\Intel\Intel(R) Management Engine Components\DAL;C:\Program Files\Intel\Intel(R) Management Engine Components\IPT;C:\Program Files (x86)\Intel\Intel(R) Management Engine Components\DAL;C:\Program Files (x86)\Intel\Intel(R) Management Engine Components\IPT;C:\Program Files (x86)\NVIDIA Corporation\PhysX\Common;F:\Program Files (x86)\Bitvise SSH Client;C:\Program Files (x86)\MySQL\MySQL Utilities 1.6\;C:\Program Files\TortoiseGit\bin;D:\Program Files\Git\cmd;C:\WINDOWS\system32;C:\WINDOWS;C:\WINDOWS\System32\Wbem;C:\WINDOWS\System32\WindowsPowerShell\v1.0\;C:\WINDOWS\System32\OpenSSH\;C:\Program Files\Java\jdk1.8.0_191\bin;C:\Users\ASUS\Downloads\Compressed\apache-maven-3.6.1\bin;C:\Program Files\PuTTY\;F:\Program Files\nodejs\;C:\Users\ASUS\AppData\Local\Microsoft\WindowsApps;C:\Users\ASUS\AppData\Roaming\npm;C:\Users\ASUS\Desktop;
USERNAME=ASUS
OS=Windows_NT
PROCESSOR_IDENTIFIER=Intel64 Family 6 Model 58 Stepping 9, GenuineIntel



---------------  S Y S T E M  ---------------

OS: Windows 10.0 , 64 bit Build 17134 (10.0.17134.753)

CPU:total 4 (initial active 4) (2 cores per cpu, 2 threads per core) family 6 model 58 stepping 9, cmov, cx8, fxsr, mmx, sse, sse2, sse3, ssse3, sse4.1, sse4.2, popcnt, avx, aes, clmul, erms, ht, tsc, tscinvbit, tscinv

Memory: 4k page, physical 8269792k(474748k free), swap 33435616k(2200k free)

vm_info: Java HotSpot(TM) 64-Bit Server VM (25.191-b12) for windows-amd64 JRE (1.8.0_191-b12), built on Oct  6 2018 09:29:03 by "java_re" with MS VC++ 10.0 (VS2010)

time: Sun Nov 17 00:31:46 2019
elapsed time: 70 seconds (0d 0h 1m 10s)

