#
# There is insufficient memory for the Java Runtime Environment to continue.
# Native memory allocation (malloc) failed to allocate 32744 bytes for ChunkPool::allocate
# Possible reasons:
#   The system is out of physical RAM or swap space
#   In 32 bit mode, the process size limit was hit
# Possible solutions:
#   Reduce memory load on the system
#   Increase physical memory or swap space
#   Check if swap backing store is full
#   Use 64 bit Java on a 64 bit OS
#   Decrease Java heap size (-Xmx/-Xms)
#   Decrease number of Java threads
#   Decrease Java thread stack sizes (-Xss)
#   Set larger code cache with -XX:ReservedCodeCacheSize=
# This output file may be truncated or incomplete.
#
#  Out of Memory Error (allocation.cpp:273), pid=12848, tid=0x000000000000206c
#
# JRE version: Java(TM) SE Runtime Environment (8.0_191-b12) (build 1.8.0_191-b12)
# Java VM: Java HotSpot(TM) 64-Bit Server VM (25.191-b12 mixed mode windows-amd64 compressed oops)
# Failed to write core dump. Minidumps are not enabled by default on client versions of Windows
#

---------------  T H R E A D  ---------------

Current thread (0x000000001971f000):  JavaThread "C2 CompilerThread1" daemon [_thread_in_native, id=8300, stack(0x0000000019b80000,0x0000000019c80000)]

Stack: [0x0000000019b80000,0x0000000019c80000]
[error occurred during error reporting (printing stack bounds), id 0xc0000005]

Native frames: (J=compiled Java code, j=interpreted, Vv=VM code, C=native code)


Current CompileTask:
C2:  54269 6511       4       com.sun.tools.javac.code.Symbol$MethodSymbol::implementation (57 bytes)


---------------  P R O C E S S  ---------------

Java Threads: ( => current thread )
  0x0000000019797800 JavaThread "Service Thread" daemon [_thread_blocked, id=13628, stack(0x0000000019d80000,0x0000000019e80000)]
  0x0000000019736000 JavaThread "C1 CompilerThread2" daemon [_thread_blocked, id=3020, stack(0x0000000019c80000,0x0000000019d80000)]
=>0x000000001971f000 JavaThread "C2 CompilerThread1" daemon [_thread_in_native, id=8300, stack(0x0000000019b80000,0x0000000019c80000)]
  0x0000000019724800 JavaThread "C2 CompilerThread0" daemon [_thread_in_native, id=12632, stack(0x0000000019a80000,0x0000000019b80000)]
  0x0000000017b12000 JavaThread "JDWP Command Reader" daemon [_thread_in_native, id=8444, stack(0x0000000019580000,0x0000000019680000)]
  0x0000000017b0e800 JavaThread "JDWP Event Helper Thread" daemon [_thread_blocked, id=3052, stack(0x0000000019480000,0x0000000019580000)]
  0x0000000017b00800 JavaThread "JDWP Transport Listener: dt_socket" daemon [_thread_blocked, id=8092, stack(0x0000000019380000,0x0000000019480000)]
  0x0000000017af8800 JavaThread "Attach Listener" daemon [_thread_blocked, id=6572, stack(0x0000000018f40000,0x0000000019040000)]
  0x0000000017af5000 JavaThread "Signal Dispatcher" daemon [_thread_blocked, id=12452, stack(0x0000000018e40000,0x0000000018f40000)]
  0x0000000002fbb800 JavaThread "Finalizer" daemon [_thread_blocked, id=13096, stack(0x0000000018d40000,0x0000000018e40000)]
  0x0000000002fb3000 JavaThread "Reference Handler" daemon [_thread_blocked, id=240, stack(0x0000000018c40000,0x0000000018d40000)]
  0x0000000002c9e800 JavaThread "main" [_thread_in_Java, id=13756, stack(0x0000000002b10000,0x0000000002c10000)]

Other Threads:
  0x0000000017ab7000 VMThread [stack: 0x0000000018b40000,0x0000000018c40000] [id=5356]
  0x00000000197e9800 WatcherThread [stack: 0x0000000019e80000,0x0000000019f80000] [id=12980]

VM state:not at safepoint (normal execution)

VM Mutex/Monitor currently owned by a thread: None

Heap:
 PSYoungGen      total 85504K, used 59215K [0x00000000d5f00000, 0x00000000dc500000, 0x0000000100000000)
  eden space 74752K, 64% used [0x00000000d5f00000,0x00000000d8e58b18,0x00000000da800000)
  from space 10752K, 99% used [0x00000000db500000,0x00000000dbf7b250,0x00000000dbf80000)
  to   space 13312K, 0% used [0x00000000da800000,0x00000000da800000,0x00000000db500000)
 ParOldGen       total 62976K, used 29725K [0x0000000081c00000, 0x0000000085980000, 0x00000000d5f00000)
  object space 62976K, 47% used [0x0000000081c00000,0x00000000839074d8,0x0000000085980000)
 Metaspace       used 27446K, capacity 27976K, committed 28080K, reserved 1075200K
  class space    used 3066K, capacity 3228K, committed 3248K, reserved 1048576K

Card table byte_map: [0x0000000012380000,0x0000000012780000] byte_map_base: 0x0000000011f72000

Marking Bits: (ParMarkBitMap*) 0x0000000064533e30
 Begin Bits: [0x0000000012e30000, 0x0000000014dc0000)
 End Bits:   [0x0000000014dc0000, 0x0000000016d50000)

Polling page: 0x0000000001030000

CodeCache: size=245760Kb used=25273Kb max_used=25294Kb free=220486Kb
 bounds [0x0000000002fc0000, 0x00000000048a0000, 0x0000000011fc0000]
 total_blobs=6071 nmethods=5646 adapters=345
 compilation: enabled

Compilation events (10 events):
Event: 53.345 Thread 0x0000000019736000 nmethod 6506 0x0000000004849490 code [0x0000000004849600, 0x0000000004849818]
Event: 53.387 Thread 0x000000001971f000 6507       4       com.sun.tools.javac.code.Types$HasSameArgs::visitMethodType (10 bytes)
Event: 53.406 Thread 0x000000001971f000 nmethod 6507 0x0000000004886f10 code [0x00000000048870c0, 0x0000000004887a98]
Event: 53.406 Thread 0x000000001971f000 6508       4       com.sun.tools.javac.code.Types$HasSameArgs::visitMethodType (37 bytes)
Event: 53.424 Thread 0x000000001971f000 nmethod 6508 0x0000000004885550 code [0x0000000004885700, 0x00000000048861d8]
Event: 53.453 Thread 0x000000001971f000 6509       4       com.sun.tools.javac.comp.Attr::visitIdent (554 bytes)
Event: 53.570 Thread 0x000000001971f000 nmethod 6509 0x000000000488ef10 code [0x000000000488f2a0, 0x0000000004891c58]
Event: 53.597 Thread 0x000000001971f000 6510       4       java.lang.StringBuilder::append (6 bytes)
Event: 53.598 Thread 0x000000001971f000 nmethod 6510 0x00000000047b2e10 code [0x00000000047b2f60, 0x00000000047b2fe8]
Event: 53.598 Thread 0x000000001971f000 6511       4       com.sun.tools.javac.code.Symbol$MethodSymbol::implementation (57 bytes)

GC Heap History (10 events):
Event: 39.772 GC heap before
{Heap before GC invocations=15 (full 1):
 PSYoungGen      total 52736K, used 50902K [0x00000000d5f00000, 0x00000000da380000, 0x0000000100000000)
  eden space 43520K, 100% used [0x00000000d5f00000,0x00000000d8980000,0x00000000d8980000)
  from space 9216K, 80% used [0x00000000d8980000,0x00000000d90b5b10,0x00000000d9280000)
  to   space 9728K, 0% used [0x00000000d9a00000,0x00000000d9a00000,0x00000000da380000)
 ParOldGen       total 62976K, used 15557K [0x0000000081c00000, 0x0000000085980000, 0x00000000d5f00000)
  object space 62976K, 24% used [0x0000000081c00000,0x0000000082b31468,0x0000000085980000)
 Metaspace       used 24183K, capacity 24650K, committed 24752K, reserved 1071104K
  class space    used 2780K, capacity 2951K, committed 2992K, reserved 1048576K
Event: 39.804 GC heap after
Heap after GC invocations=15 (full 1):
 PSYoungGen      total 60928K, used 4368K [0x00000000d5f00000, 0x00000000da800000, 0x0000000100000000)
  eden space 51200K, 0% used [0x00000000d5f00000,0x00000000d5f00000,0x00000000d9100000)
  from space 9728K, 44% used [0x00000000d9a00000,0x00000000d9e440f8,0x00000000da380000)
  to   space 9216K, 0% used [0x00000000d9100000,0x00000000d9100000,0x00000000d9a00000)
 ParOldGen       total 62976K, used 22532K [0x0000000081c00000, 0x0000000085980000, 0x00000000d5f00000)
  object space 62976K, 35% used [0x0000000081c00000,0x0000000083201178,0x0000000085980000)
 Metaspace       used 24183K, capacity 24650K, committed 24752K, reserved 1071104K
  class space    used 2780K, capacity 2951K, committed 2992K, reserved 1048576K
}
Event: 42.780 GC heap before
{Heap before GC invocations=16 (full 1):
 PSYoungGen      total 60928K, used 55568K [0x00000000d5f00000, 0x00000000da800000, 0x0000000100000000)
  eden space 51200K, 100% used [0x00000000d5f00000,0x00000000d9100000,0x00000000d9100000)
  from space 9728K, 44% used [0x00000000d9a00000,0x00000000d9e440f8,0x00000000da380000)
  to   space 9216K, 0% used [0x00000000d9100000,0x00000000d9100000,0x00000000d9a00000)
 ParOldGen       total 62976K, used 22532K [0x0000000081c00000, 0x0000000085980000, 0x00000000d5f00000)
  object space 62976K, 35% used [0x0000000081c00000,0x0000000083201178,0x0000000085980000)
 Metaspace       used 25385K, capacity 25884K, committed 26160K, reserved 1073152K
  class space    used 2907K, capacity 3082K, committed 3120K, reserved 1048576K
Event: 42.801 GC heap after
Heap after GC invocations=16 (full 1):
 PSYoungGen      total 60416K, used 2370K [0x00000000d5f00000, 0x00000000db080000, 0x0000000100000000)
  eden space 51200K, 0% used [0x00000000d5f00000,0x00000000d5f00000,0x00000000d9100000)
  from space 9216K, 25% used [0x00000000d9100000,0x00000000d93508b0,0x00000000d9a00000)
  to   space 9216K, 0% used [0x00000000da780000,0x00000000da780000,0x00000000db080000)
 ParOldGen       total 62976K, used 26160K [0x0000000081c00000, 0x0000000085980000, 0x00000000d5f00000)
  object space 62976K, 41% used [0x0000000081c00000,0x000000008358c0b8,0x0000000085980000)
 Metaspace       used 25385K, capacity 25884K, committed 26160K, reserved 1073152K
  class space    used 2907K, capacity 3082K, committed 3120K, reserved 1048576K
}
Event: 43.626 GC heap before
{Heap before GC invocations=17 (full 1):
 PSYoungGen      total 60416K, used 53570K [0x00000000d5f00000, 0x00000000db080000, 0x0000000100000000)
  eden space 51200K, 100% used [0x00000000d5f00000,0x00000000d9100000,0x00000000d9100000)
  from space 9216K, 25% used [0x00000000d9100000,0x00000000d93508b0,0x00000000d9a00000)
  to   space 9216K, 0% used [0x00000000da780000,0x00000000da780000,0x00000000db080000)
 ParOldGen       total 62976K, used 26160K [0x0000000081c00000, 0x0000000085980000, 0x00000000d5f00000)
  object space 62976K, 41% used [0x0000000081c00000,0x000000008358c0b8,0x0000000085980000)
 Metaspace       used 25581K, capacity 26184K, committed 26416K, reserved 1073152K
  class space    used 2920K, capacity 3100K, committed 3120K, reserved 1048576K
Event: 43.635 GC heap after
Heap after GC invocations=17 (full 1):
 PSYoungGen      total 73216K, used 1952K [0x00000000d5f00000, 0x00000000db000000, 0x0000000100000000)
  eden space 64512K, 0% used [0x00000000d5f00000,0x00000000d5f00000,0x00000000d9e00000)
  from space 8704K, 22% used [0x00000000da780000,0x00000000da968030,0x00000000db000000)
  to   space 9216K, 0% used [0x00000000d9e00000,0x00000000d9e00000,0x00000000da700000)
 ParOldGen       total 62976K, used 26160K [0x0000000081c00000, 0x0000000085980000, 0x00000000d5f00000)
  object space 62976K, 41% used [0x0000000081c00000,0x000000008358c0b8,0x0000000085980000)
 Metaspace       used 25581K, capacity 26184K, committed 26416K, reserved 1073152K
  class space    used 2920K, capacity 3100K, committed 3120K, reserved 1048576K
}
Event: 45.851 GC heap before
{Heap before GC invocations=18 (full 1):
 PSYoungGen      total 73216K, used 66464K [0x00000000d5f00000, 0x00000000db000000, 0x0000000100000000)
  eden space 64512K, 100% used [0x00000000d5f00000,0x00000000d9e00000,0x00000000d9e00000)
  from space 8704K, 22% used [0x00000000da780000,0x00000000da968030,0x00000000db000000)
  to   space 9216K, 0% used [0x00000000d9e00000,0x00000000d9e00000,0x00000000da700000)
 ParOldGen       total 62976K, used 26160K [0x0000000081c00000, 0x0000000085980000, 0x00000000d5f00000)
  object space 62976K, 41% used [0x0000000081c00000,0x000000008358c0b8,0x0000000085980000)
 Metaspace       used 25776K, capacity 26376K, committed 26416K, reserved 1073152K
  class space    used 2921K, capacity 3100K, committed 3120K, reserved 1048576K
Event: 45.907 GC heap after
Heap after GC invocations=18 (full 1):
 PSYoungGen      total 73728K, used 8730K [0x00000000d5f00000, 0x00000000dbf80000, 0x0000000100000000)
  eden space 64512K, 0% used [0x00000000d5f00000,0x00000000d5f00000,0x00000000d9e00000)
  from space 9216K, 94% used [0x00000000d9e00000,0x00000000da686ae8,0x00000000da700000)
  to   space 10752K, 0% used [0x00000000db500000,0x00000000db500000,0x00000000dbf80000)
 ParOldGen       total 62976K, used 26168K [0x0000000081c00000, 0x0000000085980000, 0x00000000d5f00000)
  object space 62976K, 41% used [0x0000000081c00000,0x000000008358e0b8,0x0000000085980000)
 Metaspace       used 25776K, capacity 26376K, committed 26416K, reserved 1073152K
  class space    used 2921K, capacity 3100K, committed 3120K, reserved 1048576K
}
Event: 46.873 GC heap before
{Heap before GC invocations=19 (full 1):
 PSYoungGen      total 73728K, used 73242K [0x00000000d5f00000, 0x00000000dbf80000, 0x0000000100000000)
  eden space 64512K, 100% used [0x00000000d5f00000,0x00000000d9e00000,0x00000000d9e00000)
  from space 9216K, 94% used [0x00000000d9e00000,0x00000000da686ae8,0x00000000da700000)
  to   space 10752K, 0% used [0x00000000db500000,0x00000000db500000,0x00000000dbf80000)
 ParOldGen       total 62976K, used 26168K [0x0000000081c00000, 0x0000000085980000, 0x00000000d5f00000)
  object space 62976K, 41% used [0x0000000081c00000,0x000000008358e0b8,0x0000000085980000)
 Metaspace       used 25872K, capacity 26440K, committed 26672K, reserved 1073152K
  class space    used 2921K, capacity 3100K, committed 3120K, reserved 1048576K
Event: 46.897 GC heap after
Heap after GC invocations=19 (full 1):
 PSYoungGen      total 85504K, used 10732K [0x00000000d5f00000, 0x00000000dc500000, 0x0000000100000000)
  eden space 74752K, 0% used [0x00000000d5f00000,0x00000000d5f00000,0x00000000da800000)
  from space 10752K, 99% used [0x00000000db500000,0x00000000dbf7b250,0x00000000dbf80000)
  to   space 13312K, 0% used [0x00000000da800000,0x00000000da800000,0x00000000db500000)
 ParOldGen       total 62976K, used 29725K [0x0000000081c00000, 0x0000000085980000, 0x00000000d5f00000)
  object space 62976K, 47% used [0x0000000081c00000,0x00000000839074d8,0x0000000085980000)
 Metaspace       used 25872K, capacity 26440K, committed 26672K, reserved 1073152K
  class space    used 2921K, capacity 3100K, committed 3120K, reserved 1048576K
}

Deoptimization events (10 events):
Event: 52.221 Thread 0x0000000002c9e800 Uncommon trap: reason=class_check action=maybe_recompile pc=0x00000000045b790c method=com.sun.tools.javac.code.Types.isSubtypeUncheckedInternal(Lcom/sun/tools/javac/code/Type;Lcom/sun/tools/javac/code/Type;Lcom/sun/tools/javac/util/Warner;)Z @ 21
Event: 52.221 Thread 0x0000000002c9e800 Uncommon trap: reason=class_check action=maybe_recompile pc=0x00000000045b790c method=com.sun.tools.javac.code.Types.isSubtypeUncheckedInternal(Lcom/sun/tools/javac/code/Type;Lcom/sun/tools/javac/code/Type;Lcom/sun/tools/javac/util/Warner;)Z @ 21
Event: 52.221 Thread 0x0000000002c9e800 Uncommon trap: reason=class_check action=maybe_recompile pc=0x00000000045b790c method=com.sun.tools.javac.code.Types.isSubtypeUncheckedInternal(Lcom/sun/tools/javac/code/Type;Lcom/sun/tools/javac/code/Type;Lcom/sun/tools/javac/util/Warner;)Z @ 21
Event: 52.225 Thread 0x0000000002c9e800 Uncommon trap: reason=unstable_if action=reinterpret pc=0x00000000036e0774 method=com.sun.tools.javac.code.Types.capture(Lcom/sun/tools/javac/code/Type;)Lcom/sun/tools/javac/code/Type; @ 19
Event: 52.294 Thread 0x0000000002c9e800 Uncommon trap: reason=unloaded action=reinterpret pc=0x0000000003e5ba50 method=com.sun.tools.javac.comp.Resolve.selectBest(Lcom/sun/tools/javac/comp/Env;Lcom/sun/tools/javac/code/Type;Lcom/sun/tools/javac/util/List;Lcom/sun/tools/javac/util/List;Lcom/sun/
Event: 52.296 Thread 0x0000000002c9e800 Uncommon trap: reason=class_check action=maybe_recompile pc=0x000000000449812c method=com.sun.tools.javac.code.Type$ClassType.allparams()Lcom/sun/tools/javac/util/List; @ 16
Event: 52.306 Thread 0x0000000002c9e800 Uncommon trap: reason=class_check action=maybe_recompile pc=0x0000000004731690 method=com.sun.tools.javac.comp.Resolve$AbstractMethodCheck.argumentsAcceptable(Lcom/sun/tools/javac/comp/Env;Lcom/sun/tools/javac/comp/DeferredAttr$DeferredAttrContext;Lcom/su
Event: 52.306 Thread 0x0000000002c9e800 Uncommon trap: reason=class_check action=maybe_recompile pc=0x0000000004731690 method=com.sun.tools.javac.comp.Resolve$AbstractMethodCheck.argumentsAcceptable(Lcom/sun/tools/javac/comp/Env;Lcom/sun/tools/javac/comp/DeferredAttr$DeferredAttrContext;Lcom/su
Event: 52.306 Thread 0x0000000002c9e800 Uncommon trap: reason=class_check action=maybe_recompile pc=0x0000000004731690 method=com.sun.tools.javac.comp.Resolve$AbstractMethodCheck.argumentsAcceptable(Lcom/sun/tools/javac/comp/Env;Lcom/sun/tools/javac/comp/DeferredAttr$DeferredAttrContext;Lcom/su
Event: 52.306 Thread 0x0000000002c9e800 Uncommon trap: reason=class_check action=maybe_recompile pc=0x0000000004731690 method=com.sun.tools.javac.comp.Resolve$AbstractMethodCheck.argumentsAcceptable(Lcom/sun/tools/javac/comp/Env;Lcom/sun/tools/javac/comp/DeferredAttr$DeferredAttrContext;Lcom/su

Classes redefined (0 events):
No events

Internal exceptions (10 events):
Event: 43.572 Thread 0x0000000002c9e800 NullPointerException at vtable entry 0x00000000035390ef
Event: 43.572 Thread 0x0000000002c9e800 Exception <a 'java/lang/NullPointerException'> (0x00000000d8cfc7b0) thrown at [C:\re\workspace\8-2-build-windows-amd64-cygwin\jdk8u191\11896\hotspot\src\share\vm\runtime\sharedRuntime.cpp, line 605]
Event: 43.574 Thread 0x0000000002c9e800 NullPointerException at vtable entry 0x00000000035390ef
Event: 43.575 Thread 0x0000000002c9e800 Exception <a 'java/lang/NullPointerException'> (0x00000000d8d1fa40) thrown at [C:\re\workspace\8-2-build-windows-amd64-cygwin\jdk8u191\11896\hotspot\src\share\vm\runtime\sharedRuntime.cpp, line 605]
Event: 43.577 Thread 0x0000000002c9e800 NullPointerException at vtable entry 0x00000000035390ef
Event: 43.577 Thread 0x0000000002c9e800 Exception <a 'java/lang/NullPointerException'> (0x00000000d8d49a70) thrown at [C:\re\workspace\8-2-build-windows-amd64-cygwin\jdk8u191\11896\hotspot\src\share\vm\runtime\sharedRuntime.cpp, line 605]
Event: 43.578 Thread 0x0000000002c9e800 NullPointerException at vtable entry 0x00000000035390ef
Event: 43.578 Thread 0x0000000002c9e800 Exception <a 'java/lang/NullPointerException'> (0x00000000d8d74aa8) thrown at [C:\re\workspace\8-2-build-windows-amd64-cygwin\jdk8u191\11896\hotspot\src\share\vm\runtime\sharedRuntime.cpp, line 605]
Event: 43.742 Thread 0x0000000002c9e800 Implicit null exception at 0x0000000003e7be74 to 0x0000000003e7c6b5
Event: 46.341 Thread 0x0000000002c9e800 Implicit null exception at 0x00000000040d9b0c to 0x00000000040d9b4d

Events (10 events):
Event: 54.246 Thread 0x0000000002c9e800 DEOPT PACKING pc=0x00000000047cd56c sp=0x0000000002c0af10
Event: 54.246 Thread 0x0000000002c9e800 DEOPT UNPACKING pc=0x0000000003007890 sp=0x0000000002c0ad58 mode 1
Event: 54.246 Thread 0x0000000002c9e800 DEOPT PACKING pc=0x00000000047bc5cc sp=0x0000000002c0abf0
Event: 54.246 Thread 0x0000000002c9e800 DEOPT UNPACKING pc=0x0000000003007890 sp=0x0000000002c0a858 mode 1
Event: 54.246 Thread 0x0000000002c9e800 DEOPT PACKING pc=0x00000000045d05c4 sp=0x0000000002c0ad40
Event: 54.246 Thread 0x0000000002c9e800 DEOPT UNPACKING pc=0x0000000003007890 sp=0x0000000002c0aa90 mode 1
Event: 54.246 Thread 0x0000000002c9e800 DEOPT PACKING pc=0x00000000047fb5fc sp=0x0000000002c0add0
Event: 54.246 Thread 0x0000000002c9e800 DEOPT UNPACKING pc=0x0000000003007890 sp=0x0000000002c0ab80 mode 1
Event: 54.246 Thread 0x0000000002c9e800 DEOPT PACKING pc=0x00000000047cd56c sp=0x0000000002c0af10
Event: 54.246 Thread 0x0000000002c9e800 DEOPT UNPACKING pc=0x0000000003007890 sp=0x0000000002c0ad58 mode 1


Dynamic libraries:
0x00007ff694100000 - 0x00007ff694137000 	C:\Program Files\Java\jdk1.8.0_191\bin\javaw.exe
0x00007ffd7f3c0000 - 0x00007ffd7f5a1000 	C:\WINDOWS\SYSTEM32\ntdll.dll
0x00007ffd7e8e0000 - 0x00007ffd7e991000 	C:\WINDOWS\System32\KERNEL32.DLL
0x00007ffd7b9d0000 - 0x00007ffd7bc43000 	C:\WINDOWS\System32\KERNELBASE.dll
0x00007ffd7f0f0000 - 0x00007ffd7f191000 	C:\WINDOWS\System32\ADVAPI32.dll
0x00007ffd7e4d0000 - 0x00007ffd7e56e000 	C:\WINDOWS\System32\msvcrt.dll
0x00007ffd7eb70000 - 0x00007ffd7ebcb000 	C:\WINDOWS\System32\sechost.dll
0x00007ffd7ea40000 - 0x00007ffd7eb64000 	C:\WINDOWS\System32\RPCRT4.dll
0x00007ffd7f200000 - 0x00007ffd7f390000 	C:\WINDOWS\System32\USER32.dll
0x00007ffd7b9b0000 - 0x00007ffd7b9d0000 	C:\WINDOWS\System32\win32u.dll
0x00007ffd7e7b0000 - 0x00007ffd7e7d8000 	C:\WINDOWS\System32\GDI32.dll
0x00007ffd7bc50000 - 0x00007ffd7bde1000 	C:\WINDOWS\System32\gdi32full.dll
0x00007ffd7be50000 - 0x00007ffd7beef000 	C:\WINDOWS\System32\msvcp_win.dll
0x00007ffd7b800000 - 0x00007ffd7b8f8000 	C:\WINDOWS\System32\ucrtbase.dll
0x00007ffd6d130000 - 0x00007ffd6d399000 	C:\WINDOWS\WinSxS\amd64_microsoft.windows.common-controls_6595b64144ccf1df_6.0.17134.1067_none_d401a3eb7c8ebdea\COMCTL32.dll
0x00007ffd7edc0000 - 0x00007ffd7f0e1000 	C:\WINDOWS\System32\combase.dll
0x00007ffd7b780000 - 0x00007ffd7b7f9000 	C:\WINDOWS\System32\bcryptPrimitives.dll
0x00007ffd7e780000 - 0x00007ffd7e7ad000 	C:\WINDOWS\System32\IMM32.DLL
0x00000000645c0000 - 0x0000000064692000 	C:\Program Files\Java\jdk1.8.0_191\jre\bin\msvcr100.dll
0x0000000063d10000 - 0x00000000645b4000 	C:\Program Files\Java\jdk1.8.0_191\jre\bin\server\jvm.dll
0x00007ffd7ebd0000 - 0x00007ffd7ebd8000 	C:\WINDOWS\System32\PSAPI.DLL
0x00007ffd79a00000 - 0x00007ffd79a09000 	C:\WINDOWS\SYSTEM32\WSOCK32.dll
0x00007ffd7e570000 - 0x00007ffd7e5dc000 	C:\WINDOWS\System32\WS2_32.dll
0x00007ffd79810000 - 0x00007ffd79833000 	C:\WINDOWS\SYSTEM32\WINMM.dll
0x00007ffd72990000 - 0x00007ffd7299a000 	C:\WINDOWS\SYSTEM32\VERSION.dll
0x00007ffd79700000 - 0x00007ffd7972a000 	C:\WINDOWS\SYSTEM32\WINMMBASE.dll
0x00007ffd7bef0000 - 0x00007ffd7bf39000 	C:\WINDOWS\System32\cfgmgr32.dll
0x0000000063d00000 - 0x0000000063d0f000 	C:\Program Files\Java\jdk1.8.0_191\jre\bin\verify.dll
0x0000000063cd0000 - 0x0000000063cf9000 	C:\Program Files\Java\jdk1.8.0_191\jre\bin\java.dll
0x0000000063c90000 - 0x0000000063cc5000 	C:\Program Files\Java\jdk1.8.0_191\jre\bin\jdwp.dll
0x0000000063c80000 - 0x0000000063c88000 	C:\Program Files\Java\jdk1.8.0_191\jre\bin\npt.dll
0x0000000063c50000 - 0x0000000063c73000 	C:\Program Files\Java\jdk1.8.0_191\jre\bin\instrument.dll
0x0000000063c30000 - 0x0000000063c46000 	C:\Program Files\Java\jdk1.8.0_191\jre\bin\zip.dll
0x00007ffd7ca80000 - 0x00007ffd7dec4000 	C:\WINDOWS\System32\SHELL32.dll
0x00007ffd7c9b0000 - 0x00007ffd7ca59000 	C:\WINDOWS\System32\shcore.dll
0x00007ffd7c130000 - 0x00007ffd7c840000 	C:\WINDOWS\System32\windows.storage.dll
0x00007ffd7ded0000 - 0x00007ffd7df21000 	C:\WINDOWS\System32\shlwapi.dll
0x00007ffd7b760000 - 0x00007ffd7b771000 	C:\WINDOWS\System32\kernel.appcore.dll
0x00007ffd7b740000 - 0x00007ffd7b75f000 	C:\WINDOWS\System32\profapi.dll
0x00007ffd7b6f0000 - 0x00007ffd7b73c000 	C:\WINDOWS\System32\powrprof.dll
0x00007ffd7b6c0000 - 0x00007ffd7b6ca000 	C:\WINDOWS\System32\FLTLIB.DLL
0x0000000063c20000 - 0x0000000063c29000 	C:\Program Files\Java\jdk1.8.0_191\jre\bin\dt_socket.dll
0x00007ffd69310000 - 0x00007ffd69326000 	C:\WINDOWS\system32\napinsp.dll
0x00007ffd69020000 - 0x00007ffd6903a000 	C:\WINDOWS\system32\pnrpnsp.dll
0x00007ffd77ff0000 - 0x00007ffd78009000 	C:\WINDOWS\system32\NLAapi.dll
0x00007ffd7af40000 - 0x00007ffd7afa6000 	C:\WINDOWS\System32\mswsock.dll
0x00007ffd7acd0000 - 0x00007ffd7ad8e000 	C:\WINDOWS\SYSTEM32\DNSAPI.dll
0x00007ffd7e8d0000 - 0x00007ffd7e8d8000 	C:\WINDOWS\System32\NSI.dll
0x00007ffd7ac90000 - 0x00007ffd7acc8000 	C:\WINDOWS\SYSTEM32\IPHLPAPI.DLL
0x00007ffd693c0000 - 0x00007ffd693ce000 	C:\WINDOWS\System32\winrnr.dll
0x00007ffd69000000 - 0x00007ffd69015000 	C:\WINDOWS\System32\wshbth.dll
0x00007ffd6e3d0000 - 0x00007ffd6e442000 	C:\WINDOWS\System32\fwpuclnt.dll
0x00007ffd7b220000 - 0x00007ffd7b245000 	C:\WINDOWS\SYSTEM32\bcrypt.dll
0x00007ffd6dc80000 - 0x00007ffd6dc8a000 	C:\Windows\System32\rasadhlp.dll
0x00007ffd7b0f0000 - 0x00007ffd7b107000 	C:\WINDOWS\SYSTEM32\CRYPTSP.dll
0x00007ffd7aaf0000 - 0x00007ffd7ab23000 	C:\WINDOWS\system32\rsaenh.dll
0x00007ffd7b5c0000 - 0x00007ffd7b5e8000 	C:\WINDOWS\SYSTEM32\USERENV.dll
0x00007ffd7b110000 - 0x00007ffd7b11b000 	C:\WINDOWS\SYSTEM32\CRYPTBASE.dll
0x0000000063c00000 - 0x0000000063c1a000 	C:\Program Files\Java\jdk1.8.0_191\jre\bin\net.dll
0x00007ffd762a0000 - 0x00007ffd762b6000 	C:\WINDOWS\SYSTEM32\dhcpcsvc6.DLL
0x00007ffd76390000 - 0x00007ffd763aa000 	C:\WINDOWS\SYSTEM32\dhcpcsvc.DLL
0x0000000063be0000 - 0x0000000063bf1000 	C:\Program Files\Java\jdk1.8.0_191\jre\bin\nio.dll
0x00007ffd78040000 - 0x00007ffd7804a000 	C:\Users\ASUS\AppData\Local\Temp\jansi-1.17.1-7447314561792077083.dll
0x00007ffd78030000 - 0x00007ffd7803a000 	C:\Users\ASUS\AppData\Local\Temp\jansi-1.17.1-6657874268468782365.dll

VM Arguments:
jvm_args: -agentlib:jdwp=transport=dt_socket,suspend=y,address=localhost:63616 -Dmaven.home=EMBEDDED -Dclassworlds.conf=F:\workspace27092019\.metadata\.plugins\org.eclipse.m2e.launching\launches\m2conf160656116985212667.tmp -Dmaven.multiModuleProjectDirectory=F:\workspace27092019\jerseyguice -javaagent:F:\jee-2019-09\eclipse\configuration\org.eclipse.osgi\412\0\.cp\lib\javaagent-shaded.jar -Dfile.encoding=UTF-8 
java_command: org.codehaus.plexus.classworlds.launcher.Launcher -B tomcat7:run
java_class_path (initial): C:\Users\ASUS\.p2\pool\plugins\org.eclipse.m2e.maven.runtime_1.13.0.20190716-1623\jars\plexus-classworlds-2.6.0.jar;F:\jee-2019-09\eclipse\configuration\org.eclipse.osgi\412\0\.cp\lib\javaagent-shaded.jar
Launcher Type: SUN_STANDARD

Environment Variables:
JAVA_HOME=C:\Program Files\Java\jdk1.8.0_191
PATH=C:\Program Files\Java\jdk1.8.0_191\jre\bin;C:/Program Files/Java/jre1.8.0_221/bin/server;C:/Program Files/Java/jre1.8.0_221/bin;C:/Program Files/Java/jre1.8.0_221/lib/amd64;C:\Program Files (x86)\Common Files\Oracle\Java\javapath;C:\Program Files (x86)\Intel\iCLS Client\;C:\Program Files\Intel\iCLS Client\;C:\Windows\system32;C:\Windows;C:\Windows\System32\Wbem;C:\Windows\System32\WindowsPowerShell\v1.0\;C:\Program Files\Intel\Intel(R) Management Engine Components\DAL;C:\Program Files\Intel\Intel(R) Management Engine Components\IPT;C:\Program Files (x86)\Intel\Intel(R) Management Engine Components\DAL;C:\Program Files (x86)\Intel\Intel(R) Management Engine Components\IPT;C:\Program Files (x86)\NVIDIA Corporation\PhysX\Common;F:\Program Files (x86)\Bitvise SSH Client;C:\Program Files (x86)\MySQL\MySQL Utilities 1.6\;C:\Program Files\TortoiseGit\bin;D:\Program Files\Git\cmd;C:\WINDOWS\system32;C:\WINDOWS;C:\WINDOWS\System32\Wbem;C:\WINDOWS\System32\WindowsPowerShell\v1.0\;C:\WINDOWS\System32\OpenSSH\;C:\Program Files\Java\jdk1.8.0_191\bin;C:\Users\ASUS\Downloads\Compressed\apache-maven-3.6.1\bin;C:\Program Files\PuTTY\;F:\Program Files\nodejs\;C:\Users\ASUS\AppData\Local\Microsoft\WindowsApps;C:\Users\ASUS\AppData\Roaming\npm;C:\Users\ASUS\Desktop;
USERNAME=ASUS
OS=Windows_NT
PROCESSOR_IDENTIFIER=Intel64 Family 6 Model 58 Stepping 9, GenuineIntel



---------------  S Y S T E M  ---------------

OS: Windows 10.0 , 64 bit Build 17134 (10.0.17134.753)

CPU:total 4 (initial active 4) (2 cores per cpu, 2 threads per core) family 6 model 58 stepping 9, cmov, cx8, fxsr, mmx, sse, sse2, sse3, ssse3, sse4.1, sse4.2, popcnt, avx, aes, clmul, erms, ht, tsc, tscinvbit, tscinv

Memory: 4k page, physical 8269792k(619560k free), swap 33435616k(4220k free)

vm_info: Java HotSpot(TM) 64-Bit Server VM (25.191-b12) for windows-amd64 JRE (1.8.0_191-b12), built on Oct  6 2018 09:29:03 by "java_re" with MS VC++ 10.0 (VS2010)

time: Sun Nov 17 00:27:52 2019
elapsed time: 54 seconds (0d 0h 0m 54s)

